<?xml version="1.0" encoding="UTF-8"?>
<!-- Generated by org.testng.reporters.JUnitReportReporter -->
<testsuite hostname="9a5b7116d740519" failures="0" tests="1" name="com.techademy.e2etests.TestRunner" time="49.753" errors="0" timestamp="2023-09-25T19:25:20 IST" skipped="0">
  <testcase classname="com.techademy.e2etests.TestRunner" name="runScenario" time="49.753"/>
  <system-out/>
</testsuite> <!-- com.techademy.e2etests.TestRunner -->
